<?xml version="1.0" encoding="UTF-8" standalone="no"?>
<testsuite errors="0" failures="1" name="io.cucumber.core.plugin.JUnitFormatter" skipped="0" tests="1" time="3.712">
    <testcase classname="Login successfully" name="Login into the account" time="3.45">
        <failure message="The scenario has pending or undefined step(s)" type="java.lang.Exception"><![CDATA[Given I navigate to "http://thedemosite.co.uk/".............................passed
And I register..............................................................undefined
And I am able to see a successful registration..............................skipped
When I go to the login page.................................................skipped
And I enter the username someone............................................skipped
And I enter the password password123........................................skipped
When I click on the login button............................................skipped
Then It should be displayed "**Successful Login**"..........................skipped
]]></failure>
    </testcase>
</testsuite>
